d:\users\xia\desktop\workplace\横截面提取\generatecrosssectionwdigets\generatecrosssectionwdigets\x64\debug\generatecrosssectionwdigets.obj
d:\users\xia\desktop\workplace\横截面提取\generatecrosssectionwdigets\generatecrosssectionwdigets\x64\debug\main.obj
d:\users\xia\desktop\workplace\横截面提取\generatecrosssectionwdigets\generatecrosssectionwdigets\x64\debug\gcs.obj
d:\users\xia\desktop\workplace\横截面提取\generatecrosssectionwdigets\generatecrosssectionwdigets\x64\debug\cadrw.obj
d:\users\xia\desktop\workplace\横截面提取\generatecrosssectionwdigets\generatecrosssectionwdigets\x64\debug\vc141.pdb
d:\users\xia\desktop\workplace\横截面提取\generatecrosssectionwdigets\generatecrosssectionwdigets\x64\debug\moc_generatecrosssectionwdigets.obj
d:\users\xia\desktop\workplace\横截面提取\generatecrosssectionwdigets\generatecrosssectionwdigets\x64\debug\qrc_generatecrosssectionwdigets.obj
d:\users\xia\desktop\workplace\横截面提取\generatecrosssectionwdigets\generatecrosssectionwdigets\x64\debug\uic\ui_generatecrosssectionwdigets.h
d:\users\xia\desktop\workplace\横截面提取\generatecrosssectionwdigets\generatecrosssectionwdigets\x64\debug\rcc\qrc_generatecrosssectionwdigets.cpp
d:\users\xia\desktop\workplace\横截面提取\generatecrosssectionwdigets\generatecrosssectionwdigets\x64\debug\moc\moc_generatecrosssectionwdigets.cpp
d:\users\xia\desktop\workplace\横截面提取\generatecrosssectionwdigets\x64\debug\generatecrosssectionwdigets.exe
d:\users\xia\desktop\workplace\横截面提取\generatecrosssectionwdigets\x64\debug\generatecrosssectionwdigets.ilk
d:\users\xia\desktop\workplace\横截面提取\generatecrosssectionwdigets\x64\debug\generatecrosssectionwdigets.pdb
d:\users\xia\desktop\workplace\横截面提取\generatecrosssectionwdigets\generatecrosssectionwdigets\x64\debug\generate.dd91ecf2.tlog\cl.command.1.tlog
d:\users\xia\desktop\workplace\横截面提取\generatecrosssectionwdigets\generatecrosssectionwdigets\x64\debug\generate.dd91ecf2.tlog\cl.read.1.tlog
d:\users\xia\desktop\workplace\横截面提取\generatecrosssectionwdigets\generatecrosssectionwdigets\x64\debug\generate.dd91ecf2.tlog\cl.write.1.tlog
d:\users\xia\desktop\workplace\横截面提取\generatecrosssectionwdigets\generatecrosssectionwdigets\x64\debug\generate.dd91ecf2.tlog\generatecrosssectionwdigets.write.1u.tlog
d:\users\xia\desktop\workplace\横截面提取\generatecrosssectionwdigets\generatecrosssectionwdigets\x64\debug\generate.dd91ecf2.tlog\link.command.1.tlog
d:\users\xia\desktop\workplace\横截面提取\generatecrosssectionwdigets\generatecrosssectionwdigets\x64\debug\generate.dd91ecf2.tlog\link.read.1.tlog
d:\users\xia\desktop\workplace\横截面提取\generatecrosssectionwdigets\generatecrosssectionwdigets\x64\debug\generate.dd91ecf2.tlog\link.write.1.tlog
d:\users\xia\desktop\workplace\横截面提取\generatecrosssectionwdigets\generatecrosssectionwdigets\x64\debug\generate.dd91ecf2.tlog\moc.read.1u.tlog
d:\users\xia\desktop\workplace\横截面提取\generatecrosssectionwdigets\generatecrosssectionwdigets\x64\debug\generate.dd91ecf2.tlog\moc.write.1u.tlog
d:\users\xia\desktop\workplace\横截面提取\generatecrosssectionwdigets\generatecrosssectionwdigets\x64\debug\generate.dd91ecf2.tlog\rcc.read.1u.tlog
d:\users\xia\desktop\workplace\横截面提取\generatecrosssectionwdigets\generatecrosssectionwdigets\x64\debug\generate.dd91ecf2.tlog\rcc.write.1u.tlog
d:\users\xia\desktop\workplace\横截面提取\generatecrosssectionwdigets\generatecrosssectionwdigets\x64\debug\generate.dd91ecf2.tlog\uic.read.1u.tlog
d:\users\xia\desktop\workplace\横截面提取\generatecrosssectionwdigets\generatecrosssectionwdigets\x64\debug\generate.dd91ecf2.tlog\uic.write.1u.tlog
